[2026-03-05 22:11:17] [0;34m🤖 CLAW.AI 自主工作引擎启动[0m
[2026-03-05 22:11:17] ======================================
[2026-03-05 22:11:17] [1;33m📡 任务 1: 环境感知[0m
[2026-03-05 22:11:18] ✅ 仓库已是最新
[2026-03-05 22:11:18] [1;33m📋 任务 2: 检查 Issues[0m
[2026-03-05 22:11:18] 📊 当前开放 Issues: 0 个
[2026-03-05 22:11:18] [1;33m💻 任务 3: 服务器健康检查[0m
[2026-03-05 22:11:19] CPU: 4.8% | 内存: 43.0645% | 磁盘: 19%
[2026-03-05 22:11:19] [0;32m✅ 创建今日工作日志[0m
[2026-03-05 22:11:19] [1;33m📦 提交工作记录...[0m
[2026-03-05 22:11:19] [0;31m⚠️  推送失败，下次重试[0m
[2026-03-05 22:11:19] [0;32m✅ 自主工作引擎执行完成[0m
[2026-03-05 22:11:19] ======================================
[2026-03-05 22:32:49] [0;34m🤖 CLAW.AI 自主工作引擎启动[0m
[2026-03-05 22:32:49] ======================================
[2026-03-05 22:32:49] [1;33m📡 任务 1: 环境感知[0m
[2026-03-05 22:32:50] ✅ 仓库已是最新
[2026-03-05 22:32:50] [1;33m📋 任务 2: 检查 Issues[0m
[2026-03-05 22:32:50] 📊 当前开放 Issues: 0 个
[2026-03-05 22:32:50] [1;33m💻 任务 3: 服务器健康检查[0m
[2026-03-05 22:32:50] CPU: 4.8% | 内存: 43.1236% | 磁盘: 19%
[2026-03-05 22:32:50] [0;32m✅ 更新今日工作日志[0m
[2026-03-05 22:32:50] [1;33m📦 提交工作记录...[0m
