[2026-03-05 23:00:01] [0;34m🤖 CLAW.AI 自主工作引擎启动[0m
[2026-03-05 23:00:01] ======================================
[2026-03-05 23:00:01] [1;33m📡 任务 1: 环境感知[0m
[2026-03-05 23:00:04] ✅ 仓库已是最新
[2026-03-05 23:00:04] [1;33m📋 任务 2: 检查 Issues[0m
[2026-03-05 23:00:04] 📊 当前开放 Issues: 0 个
[2026-03-05 23:00:04] [1;33m💻 任务 3: 服务器健康检查[0m
[2026-03-05 23:00:05] CPU: 4.8% | 内存: 43.869% | 磁盘: 19%
[2026-03-05 23:00:05] [0;32m✅ 更新今日工作日志[0m
[2026-03-05 23:00:05] [1;33m📦 提交工作记录...[0m
[master a10f727] 🤖 自动提交: 工作日志更新 2026-03-05 23:00
 Committer: root <root@localhost.localdomain>
Your name and email address were configured automatically based
on your username and hostname. Please check that they are accurate.
You can suppress this message by setting them explicitly. Run the
following command and follow the instructions in your editor to edit
your configuration file:

    git config --global --edit

After doing this, you may fix the identity used for this commit with:

    git commit --amend --reset-author

 3 files changed, 27 insertions(+)
 create mode 100644 logs/cron.log
fatal: could not read Username for 'https://github.com': No such device or address
[2026-03-05 23:00:05] [0;31m⚠️  推送失败，下次重试[0m
[2026-03-05 23:00:05] [0;32m✅ 自主工作引擎执行完成[0m
[2026-03-05 23:00:05] ======================================
[2026-03-06 00:00:01] [0;34m🤖 CLAW.AI 自主工作引擎启动[0m
[2026-03-06 00:00:01] ======================================
[2026-03-06 00:00:01] [1;33m📡 任务 1: 环境感知[0m
[2026-03-06 00:01:31] ✅ 仓库已是最新
[2026-03-06 00:01:31] [1;33m📋 任务 2: 检查 Issues[0m
[2026-03-06 00:01:31] 📊 当前开放 Issues: 0 个
[2026-03-06 00:01:31] [1;33m💻 任务 3: 服务器健康检查[0m
[2026-03-06 00:01:32] CPU: 4.8% | 内存: 44.2504% | 磁盘: 19%
[2026-03-06 00:01:32] [0;32m✅ 创建今日工作日志[0m
[2026-03-06 00:01:32] [1;33m📦 提交工作记录...[0m
[master c2dcc9a] 🤖 自动提交: 工作日志更新 2026-03-06 00:01
 Committer: root <root@localhost.localdomain>
Your name and email address were configured automatically based
on your username and hostname. Please check that they are accurate.
You can suppress this message by setting them explicitly. Run the
following command and follow the instructions in your editor to edit
your configuration file:

    git config --global --edit

After doing this, you may fix the identity used for this commit with:

    git commit --amend --reset-author

 3 files changed, 58 insertions(+)
 create mode 100644 memory/2026-03-06.md
fatal: unable to access 'https://github.com/sendwealth/claw-intelligence.git/': GnuTLS recv error (-110): The TLS connection was non-properly terminated.
[2026-03-06 00:03:02] [0;31m⚠️  推送失败，下次重试[0m
[2026-03-06 00:03:02] [0;32m✅ 自主工作引擎执行完成[0m
[2026-03-06 00:03:02] ======================================
[2026-03-06 01:00:01] [0;34m🤖 CLAW.AI 自主工作引擎启动[0m
[2026-03-06 01:00:01] ======================================
[2026-03-06 01:00:01] [1;33m📡 任务 1: 环境感知[0m
[2026-03-06 01:00:03] ✅ 仓库已是最新
[2026-03-06 01:00:03] [1;33m📋 任务 2: 检查 Issues[0m
[2026-03-06 01:00:03] 📊 当前开放 Issues: 0 个
[2026-03-06 01:00:03] [1;33m💻 任务 3: 服务器健康检查[0m
[2026-03-06 01:00:03] CPU: 0% | 内存: 44.8201% | 磁盘: 19%
[2026-03-06 01:00:03] [0;32m✅ 更新今日工作日志[0m
[2026-03-06 01:00:03] [1;33m📦 提交工作记录...[0m
[master 2159358] 🤖 自动提交: 工作日志更新 2026-03-06 01:00
 Committer: root <root@localhost.localdomain>
Your name and email address were configured automatically based
on your username and hostname. Please check that they are accurate.
You can suppress this message by setting them explicitly. Run the
following command and follow the instructions in your editor to edit
your configuration file:

    git config --global --edit

After doing this, you may fix the identity used for this commit with:

    git commit --amend --reset-author

 3 files changed, 47 insertions(+)
To https://github.com/sendwealth/claw-intelligence.git
   a10f727..2159358  master -> master
[2026-03-06 01:00:06] [0;32m✅ 自主工作引擎执行完成[0m
[2026-03-06 01:00:06] ======================================
[2026-03-06 02:00:01] [0;34m🤖 CLAW.AI 自主工作引擎启动[0m
[2026-03-06 02:00:01] ======================================
[2026-03-06 02:00:01] [1;33m📡 任务 1: 环境感知[0m
[2026-03-06 02:00:02] ✅ 仓库已是最新
[2026-03-06 02:00:02] [1;33m📋 任务 2: 检查 Issues[0m
[2026-03-06 02:00:02] 📊 当前开放 Issues: 0 个
[2026-03-06 02:00:02] [1;33m💻 任务 3: 服务器健康检查[0m
[2026-03-06 02:00:02] CPU: 4.8% | 内存: 44.3864% | 磁盘: 19%
[2026-03-06 02:00:02] [0;32m✅ 更新今日工作日志[0m
[2026-03-06 02:00:02] [1;33m📦 提交工作记录...[0m
[master ac7c1f4] 🤖 自动提交: 工作日志更新 2026-03-06 02:00
 Committer: root <root@localhost.localdomain>
Your name and email address were configured automatically based
on your username and hostname. Please check that they are accurate.
You can suppress this message by setting them explicitly. Run the
following command and follow the instructions in your editor to edit
your configuration file:

    git config --global --edit

After doing this, you may fix the identity used for this commit with:

    git commit --amend --reset-author

 3 files changed, 45 insertions(+)
To https://github.com/sendwealth/claw-intelligence.git
   2159358..ac7c1f4  master -> master
[2026-03-06 02:00:04] [0;32m✅ 自主工作引擎执行完成[0m
[2026-03-06 02:00:04] ======================================
[2026-03-06 03:00:01] [0;34m🤖 CLAW.AI 自主工作引擎启动[0m
[2026-03-06 03:00:01] ======================================
[2026-03-06 03:00:01] [1;33m📡 任务 1: 环境感知[0m
[2026-03-06 03:00:02] ✅ 仓库已是最新
[2026-03-06 03:00:02] [1;33m📋 任务 2: 检查 Issues[0m
[2026-03-06 03:00:02] 📊 当前开放 Issues: 0 个
[2026-03-06 03:00:02] [1;33m💻 任务 3: 服务器健康检查[0m
[2026-03-06 03:00:03] CPU: 0% | 内存: 43.8901% | 磁盘: 19%
[2026-03-06 03:00:03] [0;32m✅ 更新今日工作日志[0m
[2026-03-06 03:00:03] [1;33m📦 提交工作记录...[0m
[master 5cd502c] 🤖 自动提交: 工作日志更新 2026-03-06 03:00
 Committer: root <root@localhost.localdomain>
Your name and email address were configured automatically based
on your username and hostname. Please check that they are accurate.
You can suppress this message by setting them explicitly. Run the
following command and follow the instructions in your editor to edit
your configuration file:

    git config --global --edit

After doing this, you may fix the identity used for this commit with:

    git commit --amend --reset-author

 3 files changed, 45 insertions(+)
To https://github.com/sendwealth/claw-intelligence.git
   ac7c1f4..5cd502c  master -> master
[2026-03-06 03:00:04] [0;32m✅ 自主工作引擎执行完成[0m
[2026-03-06 03:00:04] ======================================
[2026-03-06 04:00:01] [0;34m🤖 CLAW.AI 自主工作引擎启动[0m
[2026-03-06 04:00:01] ======================================
[2026-03-06 04:00:01] [1;33m📡 任务 1: 环境感知[0m
[2026-03-06 04:01:31] ✅ 仓库已是最新
[2026-03-06 04:01:31] [1;33m📋 任务 2: 检查 Issues[0m
[2026-03-06 04:01:31] 📊 当前开放 Issues: 0 个
[2026-03-06 04:01:31] [1;33m💻 任务 3: 服务器健康检查[0m
[2026-03-06 04:01:32] CPU: 9.1% | 内存: 44.3804% | 磁盘: 19%
[2026-03-06 04:01:32] [0;32m✅ 更新今日工作日志[0m
[2026-03-06 04:01:32] [1;33m📦 提交工作记录...[0m
